<?xml version="1.0" encoding="UTF-8"?>
<!-- Generated by org.testng.reporters.JUnitReportReporter -->
<testsuite name="Simple" tests="1" time="0.010" ignored="0" failures="0" timestamp="05 May 2020 13:42:14 GMT" skipped="0" hostname="CDC2-L-FBGKPN2" errors="0">
  <testcase name="testcase" time="0.010" classname="Simple"/>
</testsuite> <!-- Simple -->
