<?xml version="1.0" encoding="UTF-8"?>
<!-- Generated by org.testng.reporters.JUnitReportReporter -->
<testsuite name="demoJenkins.Simple" tests="1" time="19.874" ignored="0" failures="0" timestamp="05 May 2020 14:36:21 GMT" skipped="0" hostname="CDC2-L-FBGKPN2" errors="0">
  <testcase name="testcase" time="19.874" classname="demoJenkins.Simple"/>
</testsuite> <!-- demoJenkins.Simple -->
